2026-04-04 21:53:36,068 - INFO - 將專案根目錄加入路徑: c:\Users\Peter\Desktop\ai-course-advisor
2026-04-04 21:53:36,400 - INFO - 開始抓取學年期 1142 的系所課程...
2026-04-04 21:53:36,400 - INFO - 抓取課程大綱: 是
2026-04-04 21:53:36,401 - INFO - 從課程查詢頁面取得可用學年期...
2026-04-04 21:53:36,725 - INFO - 取得 42 個學年期
2026-04-04 21:53:36,725 - INFO - ==================================================
2026-04-04 21:53:36,725 - INFO - 開始抓取學年期 1142 的課程...
2026-04-04 21:53:36,726 - INFO - ==================================================
2026-04-04 21:53:36,951 - INFO - [1/222] C10 文學院: 105 筆課程
2026-04-04 21:53:37,424 - INFO - [2/222] C20 管理學院: 0 筆課程
2026-04-04 21:53:37,900 - INFO - [3/222] C30 農業暨自然資源學院: 1 筆課程
2026-04-04 21:53:38,385 - INFO - [4/222] C60 工學院: 0 筆課程
2026-04-04 21:53:38,861 - INFO - [5/222] C80 生命科學院: 0 筆課程
2026-04-04 21:53:39,405 - INFO - [6/222] U10F 台灣人文創新學士學位學程: 126 筆課程
2026-04-04 21:53:40,047 - INFO - [7/222] U11 中國文學系學士班: 265 筆課程
2026-04-04 21:53:40,720 - INFO - [8/222] U12 外國語文學系學士班: 453 筆課程
2026-04-04 21:53:41,346 - INFO - [9/222] U13 歷史學系學士班: 247 筆課程
2026-04-04 21:53:41,943 - INFO - [10/222] U21 財務金融學系學士班: 191 筆課程
2026-04-04 21:53:42,595 - INFO - [11/222] U23 企業管理學系學士班: 230 筆課程
2026-04-04 21:53:43,197 - INFO - [12/222] U24 法律學系學士班: 161 筆課程
2026-04-04 21:53:43,815 - INFO - [13/222] U28 會計學系學士班: 164 筆課程
2026-04-04 21:53:44,378 - INFO - [14/222] U29 資訊管理學系學士班: 106 筆課程
2026-04-04 21:53:44,936 - INFO - [15/222] U30F 景觀與遊憩學士學位學程: 87 筆課程
2026-04-04 21:53:45,557 - INFO - [16/222] U30G 生物科技學士學位學程: 252 筆課程
2026-04-04 21:53:46,145 - INFO - [17/222] U30H 國際農企業學士學位學程: 70 筆課程
2026-04-04 21:53:46,777 - INFO - [18/222] U31 農藝學系學士班: 185 筆課程
2026-04-04 21:53:47,410 - INFO - [19/222] U32 園藝學系學士班: 189 筆課程
2026-04-04 21:53:48,021 - INFO - [20/222] U33A 森林學系林學組學士班: 137 筆課程
2026-04-04 21:53:48,610 - INFO - [21/222] U33B 森林學系木材科學組學士班: 129 筆課程
2026-04-04 21:53:49,170 - INFO - [22/222] U34 應用經濟學系學士班: 58 筆課程
2026-04-04 21:53:49,790 - INFO - [23/222] U35 植物病理學系學士班: 137 筆課程
2026-04-04 21:53:50,406 - INFO - [24/222] U36 昆蟲學系學士班: 153 筆課程
2026-04-04 21:53:51,034 - INFO - [25/222] U37 動物科學系學士班: 229 筆課程
2026-04-04 21:53:51,737 - INFO - [26/222] U38B 獸醫學系學士班: 250 筆課程
2026-04-04 21:53:52,423 - INFO - [27/222] U38A 獸醫學系學士班: 250 筆課程
2026-04-04 21:53:53,040 - INFO - [28/222] U39 土壤環境科學系學士班: 143 筆課程
2026-04-04 21:53:53,619 - INFO - [29/222] U40 生物產業機電工程學系學士班: 121 筆課程
2026-04-04 21:53:54,239 - INFO - [30/222] U42 水土保持學系學士班: 212 筆課程
2026-04-04 21:53:54,951 - INFO - [31/222] U43 食品暨應用生物科技學系學士班: 616 筆課程
2026-04-04 21:53:55,569 - INFO - [32/222] U44 行銷學系學士班: 220 筆課程
2026-04-04 21:53:56,186 - INFO - [33/222] U51 化學系學士班: 209 筆課程
2026-04-04 21:53:56,892 - INFO - [34/222] U52 生命科學系學士班: 472 筆課程
2026-04-04 21:53:57,508 - INFO - [35/222] U53F 應用數學系應用數學組學士班: 194 筆課程
2026-04-04 21:53:58,157 - INFO - [36/222] U53G 應用數學系數據科學與計算組學士班: 171 筆課程
2026-04-04 21:53:58,871 - INFO - [37/222] U54A 物理學系一般物理組學士班: 126 筆課程
2026-04-04 21:53:59,433 - INFO - [38/222] U54B 物理學系光電物理組學士班: 85 筆課程
2026-04-04 21:53:59,994 - INFO - [39/222] U56 資訊工程學系學士班: 68 筆課程
2026-04-04 21:54:00,548 - INFO - [40/222] U60G 智慧創意工程學士學位學程: 15 筆課程
2026-04-04 21:54:01,207 - INFO - [41/222] U61A 機械工程學系學士班: 345 筆課程
2026-04-04 21:54:01,897 - INFO - [42/222] U61B 機械工程學系學士班: 325 筆課程
2026-04-04 21:54:02,525 - INFO - [43/222] U62A 土木工程學系學士班: 201 筆課程
2026-04-04 21:54:03,168 - INFO - [44/222] U62B 土木工程學系學士班: 201 筆課程
2026-04-04 21:54:03,792 - INFO - [45/222] U63 環境工程學系學士班: 168 筆課程
2026-04-04 21:54:04,473 - INFO - [46/222] U64A 電機工程學系學士班: 568 筆課程
2026-04-04 21:54:05,151 - INFO - [47/222] U64B 電機工程學系學士班: 568 筆課程
2026-04-04 21:54:05,754 - INFO - [48/222] U64F 電機資訊學院學士班: 157 筆課程
2026-04-04 21:54:06,339 - INFO - [49/222] U65 化學工程學系學士班: 165 筆課程
2026-04-04 21:54:06,907 - INFO - [50/222] U66 材料科學與工程學系學士班: 81 筆課程
2026-04-04 21:54:08,061 - INFO - [51/222] U86 學士後醫學系學士班: 3462 筆課程
2026-04-04 21:54:08,557 - INFO - [52/222] B02 循環經濟研究學院(研究所): 0 筆課程
2026-04-04 21:54:09,037 - INFO - [53/222] B20 管理學院(研究所): 0 筆課程
2026-04-04 21:54:09,507 - INFO - [54/222] B60 工學院(研究所): 0 筆課程
2026-04-04 21:54:10,029 - INFO - [55/222] B80 生命科學院(研究所): 0 筆課程
2026-04-04 21:54:10,515 - INFO - [56/222] B96 前瞻理工科技研究中心: 0 筆課程
2026-04-04 21:54:11,074 - INFO - [57/222] G02F 植物保健碩士學位學程: 151 筆課程
2026-04-04 21:54:11,616 - INFO - [58/222] G02G 特用作物及代謝體碩士學位學程: 60 筆課程
2026-04-04 21:54:12,149 - INFO - [59/222] G02H 生物與永續科技碩士學位學程: 38 筆課程
2026-04-04 21:54:12,716 - INFO - [60/222] G02I 國際精準農企業發展碩士學位學程: 42 筆課程
2026-04-04 21:54:13,260 - INFO - [61/222] G02J 工業與智慧科技碩士學位學程: 69 筆課程
2026-04-04 21:54:13,835 - INFO - [62/222] G02K 半導體與綠色科技碩士學位學程: 126 筆課程
2026-04-04 21:54:14,358 - INFO - [63/222] G11 中國文學系碩士班: 43 筆課程
2026-04-04 21:54:14,890 - INFO - [64/222] G12 外國語文學系碩士班: 16 筆課程
2026-04-04 21:54:15,404 - INFO - [65/222] G13 歷史學系碩士班: 22 筆課程
2026-04-04 21:54:15,917 - INFO - [66/222] G14 圖書資訊學研究所碩士班: 29 筆課程
2026-04-04 21:54:16,430 - INFO - [67/222] G15 台灣文學與跨國文化研究所碩士班: 11 筆課程
2026-04-04 21:54:16,945 - INFO - [68/222] G17 奈米科學研究所碩士班: 29 筆課程
2026-04-04 21:54:17,451 - INFO - [69/222] G18 統計學研究所碩士班: 31 筆課程
2026-04-04 21:54:17,981 - INFO - [70/222] G19 基因體暨生物資訊學研究所碩士班: 69 筆課程
2026-04-04 21:54:18,515 - INFO - [71/222] G21 財務金融學系碩士班: 21 筆課程
2026-04-04 21:54:19,072 - INFO - [72/222] G22 國際政治研究所碩士班: 67 筆課程
2026-04-04 21:54:19,608 - INFO - [73/222] G23 企業管理學系碩士班: 56 筆課程
2026-04-04 21:54:20,178 - INFO - [74/222] G24 法律學系碩士班: 146 筆課程
2026-04-04 21:54:20,705 - INFO - [75/222] G26 科技管理研究所科技管理碩士班: 11 筆課程
2026-04-04 21:54:21,214 - INFO - [76/222] G261 科技管理研究所電子商務碩士班: 11 筆課程
2026-04-04 21:54:21,736 - INFO - [77/222] G28 會計學系碩士班: 27 筆課程
2026-04-04 21:54:22,277 - INFO - [78/222] G29 資訊管理學系碩士班: 39 筆課程
2026-04-04 21:54:22,800 - INFO - [79/222] G30F 景觀與遊憩碩士學位學程: 18 筆課程
2026-04-04 21:54:23,343 - INFO - [80/222] G30G 國際農學碩士學位學程: 31 筆課程
2026-04-04 21:54:23,863 - INFO - [81/222] G30I 農業經濟與行銷碩士學位學程: 7 筆課程
2026-04-04 21:54:24,387 - INFO - [82/222] G30J 植物暨微生物國際碩士學位學程: 10 筆課程
2026-04-04 21:54:24,930 - INFO - [83/222] G31 農藝學系碩士班: 94 筆課程
2026-04-04 21:54:25,464 - INFO - [84/222] G32 園藝學系碩士班: 51 筆課程
2026-04-04 21:54:26,017 - INFO - [85/222] G33 森林學系碩士班: 172 筆課程
2026-04-04 21:54:26,542 - INFO - [86/222] G34 應用經濟學系碩士班: 34 筆課程
2026-04-04 21:54:27,117 - INFO - [87/222] G35 植物病理學系碩士班: 83 筆課程
2026-04-04 21:54:27,670 - INFO - [88/222] G36 昆蟲學系碩士班: 126 筆課程
2026-04-04 21:54:28,262 - INFO - [89/222] G37 動物科學系碩士班: 241 筆課程
2026-04-04 21:54:28,941 - INFO - [90/222] G38 獸醫學系碩士班: 808 筆課程
2026-04-04 21:54:29,463 - INFO - [91/222] G39 土壤環境科學系碩士班: 60 筆課程
2026-04-04 21:54:30,008 - INFO - [92/222] G40 生物產業機電工程學系碩士班: 93 筆課程
2026-04-04 21:54:30,612 - INFO - [93/222] G41 生物科技學研究所碩士班: 453 筆課程
2026-04-04 21:54:31,166 - INFO - [94/222] G42 水土保持學系碩士班: 58 筆課程
2026-04-04 21:54:31,871 - INFO - [95/222] G43 食品暨應用生物科技學系碩士班: 506 筆課程
2026-04-04 21:54:32,417 - INFO - [96/222] G44 行銷學系碩士班: 51 筆課程
2026-04-04 21:54:32,937 - INFO - [97/222] G45 生物產業管理研究所碩士班: 46 筆課程
2026-04-04 21:54:33,569 - INFO - [98/222] G46 微生物暨公共衛生學研究所碩士班: 471 筆課程
2026-04-04 21:54:34,234 - INFO - [99/222] G47 獸醫病理生物學研究所碩士班: 540 筆課程
2026-04-04 21:54:34,775 - INFO - [100/222] G49 植物醫學暨安全農業碩士學位學程: 31 筆課程
2026-04-04 21:54:35,455 - INFO - [101/222] G50 食品安全研究所碩士班: 259 筆課程
2026-04-04 21:54:36,039 - INFO - [102/222] G51 化學系碩士班: 214 筆課程
2026-04-04 21:54:36,671 - INFO - [103/222] G52 生命科學系碩士班: 781 筆課程
2026-04-04 21:54:37,167 - INFO - [104/222] G53 應用數學系碩士班: 18 筆課程
2026-04-04 21:54:37,668 - INFO - [105/222] G531 應用數學系計算科學碩士班: 4 筆課程
2026-04-04 21:54:38,179 - INFO - [106/222] G54 物理學系碩士班: 56 筆課程
2026-04-04 21:54:38,743 - INFO - [107/222] G55 分子生物學研究所碩士班: 182 筆課程
2026-04-04 21:54:39,260 - INFO - [108/222] G56 資訊工程學系碩士班: 61 筆課程
2026-04-04 21:54:39,799 - INFO - [109/222] G58 生物化學研究所碩士班: 101 筆課程
2026-04-04 21:54:40,381 - INFO - [110/222] G59 生物醫學研究所碩士班: 461 筆課程
2026-04-04 21:54:40,904 - INFO - [111/222] G61 機械工程學系碩士班: 154 筆課程
2026-04-04 21:54:41,454 - INFO - [112/222] G62 土木工程學系碩士班: 254 筆課程
2026-04-04 21:54:41,939 - INFO - [113/222] G626 土木工程國際英語專班碩士國際專班: 1 筆課程
2026-04-04 21:54:42,461 - INFO - [114/222] G63 環境工程學系碩士班: 48 筆課程
2026-04-04 21:54:43,075 - INFO - [115/222] G64 電機工程學系碩士班: 675 筆課程
2026-04-04 21:54:43,581 - INFO - [116/222] G65 化學工程學系碩士班: 56 筆課程
2026-04-04 21:54:44,095 - INFO - [117/222] G66 材料科學與工程學系碩士班: 81 筆課程
2026-04-04 21:54:44,585 - INFO - [118/222] G666 國立中興大學工學院半導體碩士國際專班: 4 筆課程
2026-04-04 21:54:45,092 - INFO - [119/222] G67 精密工程研究所碩士班: 39 筆課程
2026-04-04 21:54:45,607 - INFO - [120/222] G68 生醫工程研究所碩士班: 31 筆課程
2026-04-04 21:54:46,113 - INFO - [121/222] G686 智慧科學暨工程科技碩士國際專班: 7 筆課程
2026-04-04 21:54:46,614 - INFO - [122/222] G70F 亞洲與中國研究英語碩士學位學程: 16 筆課程
2026-04-04 21:54:47,106 - INFO - [123/222] G71 全球事務研究跨洲碩士學位學程: 11 筆課程
2026-04-04 21:54:47,634 - INFO - [124/222] G80H 精準健康碩士學位學程: 13 筆課程
2026-04-04 21:54:48,143 - INFO - [125/222] G81 運動與健康管理研究所碩士班: 37 筆課程
2026-04-04 21:54:48,652 - INFO - [126/222] G82 教師專業發展研究所碩士班: 24 筆課程
2026-04-04 21:54:49,147 - INFO - [127/222] G87 臨床醫學研究所碩士班: 56 筆課程
2026-04-04 21:54:49,642 - INFO - [128/222] G88 臨床護理研究所碩士班: 31 筆課程
2026-04-04 21:54:50,126 - INFO - [129/222] G89 中醫藥暨新藥開發研究所碩士班: 15 筆課程
2026-04-04 21:54:50,616 - INFO - [130/222] G91 國家政策與公共事務研究所碩士班: 29 筆課程
2026-04-04 21:54:51,124 - INFO - [131/222] G93 通訊工程研究所碩士班: 30 筆課程
2026-04-04 21:54:51,614 - INFO - [132/222] G94 光電工程研究所碩士班: 16 筆課程
2026-04-04 21:54:52,121 - INFO - [133/222] G95 資料科學與資訊計算研究所碩士班: 58 筆課程
2026-04-04 21:54:52,616 - INFO - [134/222] D01F 組織工程與再生醫學博士學位學程: 6 筆課程
2026-04-04 21:54:53,114 - INFO - [135/222] D01G 微生物基因體學博士學位學程: 4 筆課程
2026-04-04 21:54:53,635 - INFO - [136/222] D01H 醫學生物科技博士學位學程: 29 筆課程
2026-04-04 21:54:54,119 - INFO - [137/222] D02F 植物保健博士學位學程: 21 筆課程
2026-04-04 21:54:54,611 - INFO - [138/222] D02G 特用作物及代謝體博士學位學程: 12 筆課程
2026-04-04 21:54:55,106 - INFO - [139/222] D02H 生物與永續科技博士學位學程: 9 筆課程
2026-04-04 21:54:55,617 - INFO - [140/222] D02I 國際精準農企業發展博士學位學程: 12 筆課程
2026-04-04 21:54:56,152 - INFO - [141/222] D02J 工業與智慧科技博士學位學程: 4 筆課程
2026-04-04 21:54:56,626 - INFO - [142/222] D02K 半導體與綠色科技博士學位學程: 6 筆課程
2026-04-04 21:54:57,122 - INFO - [143/222] D10F 台灣與跨文化研究國際博士學位學程: 16 筆課程
2026-04-04 21:54:57,622 - INFO - [144/222] D11 中國文學系博士班: 4 筆課程
2026-04-04 21:54:58,138 - INFO - [145/222] D13 歷史學系博士班: 24 筆課程
2026-04-04 21:54:58,626 - INFO - [146/222] D21 財務金融學系博士班: 9 筆課程
2026-04-04 21:54:59,117 - INFO - [147/222] D22 國際政治研究所博士班: 7 筆課程
2026-04-04 21:54:59,616 - INFO - [148/222] D23 企業管理學系博士班: 11 筆課程
2026-04-04 21:55:00,126 - INFO - [149/222] D26 科技管理研究所科技管理博士班: 7 筆課程
2026-04-04 21:55:00,617 - INFO - [150/222] D30G 國際農學博士學位學程: 16 筆課程
2026-04-04 21:55:01,104 - INFO - [151/222] D31 農藝學系博士班: 30 筆課程
2026-04-04 21:55:01,620 - INFO - [152/222] D32 園藝學系博士班: 34 筆課程
2026-04-04 21:55:02,130 - INFO - [153/222] D33 森林學系博士班: 25 筆課程
2026-04-04 21:55:02,656 - INFO - [154/222] D34 應用經濟學系博士班: 9 筆課程
2026-04-04 21:55:03,157 - INFO - [155/222] D35 植物病理學系博士班: 13 筆課程
2026-04-04 21:55:03,643 - INFO - [156/222] D36 昆蟲學系博士班: 37 筆課程
2026-04-04 21:55:04,145 - INFO - [157/222] D37 動物科學系博士班: 24 筆課程
2026-04-04 21:55:04,664 - INFO - [158/222] D38 獸醫學系博士班: 81 筆課程
2026-04-04 21:55:05,179 - INFO - [159/222] D39 土壤環境科學系博士班: 36 筆課程
2026-04-04 21:55:05,654 - INFO - [160/222] D40 生物產業機電工程學系博士班: 6 筆課程
2026-04-04 21:55:06,181 - INFO - [161/222] D41 生物科技學研究所博士班: 259 筆課程
2026-04-04 21:55:06,664 - INFO - [162/222] D42 水土保持學系博士班: 7 筆課程
2026-04-04 21:55:07,191 - INFO - [163/222] D43 食品暨應用生物科技學系博士班: 37 筆課程
2026-04-04 21:55:07,709 - INFO - [164/222] D46 微生物暨公共衛生學研究所博士班: 51 筆課程
2026-04-04 21:55:08,254 - INFO - [165/222] D47 獸醫病理生物學研究所博士班: 43 筆課程
2026-04-04 21:55:08,784 - INFO - [166/222] D50F 大數據產學研發博士學位學程: 18 筆課程
2026-04-04 21:55:09,296 - INFO - [167/222] D51 化學系博士班: 6 筆課程
2026-04-04 21:55:09,829 - INFO - [168/222] D52 生命科學系博士班: 25 筆課程
2026-04-04 21:55:10,343 - INFO - [169/222] D53 應用數學系博士班: 1 筆課程
2026-04-04 21:55:10,850 - INFO - [170/222] D54 物理學系博士班: 6 筆課程
2026-04-04 21:55:11,402 - INFO - [171/222] D55 分子生物學研究所博士班: 43 筆課程
2026-04-04 21:55:11,925 - INFO - [172/222] D56 資訊工程學系博士班: 4 筆課程
2026-04-04 21:55:12,455 - INFO - [173/222] D58 生物化學研究所博士班: 18 筆課程
2026-04-04 21:55:13,027 - INFO - [174/222] D59 生物醫學研究所博士班: 34 筆課程
2026-04-04 21:55:13,553 - INFO - [175/222] D61 機械工程學系博士班: 2 筆課程
2026-04-04 21:55:14,071 - INFO - [176/222] D62 土木工程學系博士班: 11 筆課程
2026-04-04 21:55:14,581 - INFO - [177/222] D63 環境工程學系博士班: 3 筆課程
2026-04-04 21:55:15,109 - INFO - [178/222] D64 電機工程學系博士班: 64 筆課程
2026-04-04 21:55:15,632 - INFO - [179/222] D65 化學工程學系博士班: 4 筆課程
2026-04-04 21:55:16,155 - INFO - [180/222] D66 材料科學與工程學系博士班: 4 筆課程
2026-04-04 21:55:16,678 - INFO - [181/222] D67 精密工程研究所博士班: 4 筆課程
2026-04-04 21:55:17,173 - INFO - [182/222] D68 生醫工程研究所博士班: 9 筆課程
2026-04-04 21:55:17,740 - INFO - [183/222] D80F 轉譯醫學博士學位學程: 150 筆課程
2026-04-04 21:55:18,266 - INFO - [184/222] D80G 生技產業創新研發與管理博士學位學程: 9 筆課程
2026-04-04 21:55:18,765 - INFO - [185/222] D80I 跨域創新生技國際博士學位學程: 1 筆課程
2026-04-04 21:55:19,340 - INFO - [186/222] R643 電機工程學系電子系統產業碩士專班: 384 筆課程
2026-04-04 21:55:19,820 - INFO - [187/222] R645 電機工程學系電機控制產業碩士專班: 1 筆課程
2026-04-04 21:55:20,343 - INFO - [188/222] R647 電機工程學系智慧電動車及綠能科技產業碩士專班: 34 筆課程
2026-04-04 21:55:20,869 - INFO - [189/222] R652 化學工程學系化工系產業碩士專班: 56 筆課程
2026-04-04 21:55:21,397 - INFO - [190/222] R662 材料科學與工程學系材料產業碩士專班: 69 筆課程
2026-04-04 21:55:21,932 - INFO - [191/222] W11 中國文學系碩士在職專班: 24 筆課程
2026-04-04 21:55:22,444 - INFO - [192/222] W13 歷史學系碩士在職專班: 11 筆課程
2026-04-04 21:55:22,938 - INFO - [193/222] W151 台灣文學與跨國文化研究所碩士在職專班: 7 筆課程
2026-04-04 21:55:23,463 - INFO - [194/222] W22 國際政治研究所碩士在職專班: 16 筆課程
2026-04-04 21:55:24,039 - INFO - [195/222] W24 法律學系碩士在職專班: 111 筆課程
2026-04-04 21:55:24,559 - INFO - [196/222] W26 科技管理研究所智慧科技管理班: 16 筆課程
2026-04-04 21:55:25,191 - INFO - [197/222] W27 高階經理人碩士在職專班: 391 筆課程
2026-04-04 21:55:25,770 - INFO - [198/222] W274 高階經理人碩士在職專班兩岸台商組: 43 筆課程
2026-04-04 21:55:26,261 - INFO - [199/222] W277 高階經理人碩士在職專班越南台商組: 16 筆課程
2026-04-04 21:55:26,775 - INFO - [200/222] W29 資訊管理學系碩士在職專班: 13 筆課程
2026-04-04 21:55:27,309 - INFO - [201/222] W34 應用經濟學系碩士在職專班: 18 筆課程
2026-04-04 21:55:27,920 - INFO - [202/222] W42 水土保持學系碩士在職專班: 94 筆課程
2026-04-04 21:55:28,425 - INFO - [203/222] W43 食品暨應用生物科技學系碩士在職專班: 24 筆課程
2026-04-04 21:55:28,916 - INFO - [204/222] W50F 人工智慧與資料科學碩士在職學位學程: 37 筆課程
2026-04-04 21:55:29,393 - INFO - [205/222] W52 生命科學院碩士在職專班: 18 筆課程
2026-04-04 21:55:29,874 - INFO - [206/222] W53 應用數學系大數據碩士在職專班: 29 筆課程
2026-04-04 21:55:30,383 - INFO - [207/222] W56 資訊工程學系碩士在職專班: 29 筆課程
2026-04-04 21:55:30,879 - INFO - [208/222] W61 機械工程學系碩士在職專班: 16 筆課程
2026-04-04 21:55:31,361 - INFO - [209/222] W62 土木工程學系碩士在職專班: 16 筆課程
2026-04-04 21:55:31,839 - INFO - [210/222] W63 環境工程學系碩士在職專班: 11 筆課程
2026-04-04 21:55:32,353 - INFO - [211/222] W64 電機工程學系碩士在職專班: 93 筆課程
2026-04-04 21:55:32,841 - INFO - [212/222] W65 化學工程學系碩士在職專班: 7 筆課程
2026-04-04 21:55:33,330 - INFO - [213/222] W66 材料科學與工程學系碩士在職專班: 11 筆課程
2026-04-04 21:55:33,834 - INFO - [214/222] W67 精密工程研究所碩士在職專班: 7 筆課程
2026-04-04 21:55:34,392 - INFO - [215/222] W85 農業企業經營管理碩士在職專班: 76 筆課程
2026-04-04 21:55:34,885 - INFO - [216/222] W91 國家政策與公共事務研究所碩士在職專班: 22 筆課程
2026-04-04 21:55:35,751 - INFO - [217/222] N00 不限系別(進修學士班): 1890 筆課程
2026-04-04 21:55:36,339 - INFO - [218/222] N01F 數位人文與文創產業進修學士學位學程: 153 筆課程
2026-04-04 21:55:36,917 - INFO - [219/222] N01G 創新產業經營進修學士學位學程: 105 筆課程
2026-04-04 21:55:37,460 - INFO - [220/222] N11 中國文學系進修學士班: 93 筆課程
2026-04-04 21:55:38,082 - INFO - [221/222] N12 外國語文學系進修學士班: 157 筆課程
2026-04-04 21:55:38,716 - INFO - [222/222] N46 生物產業管理進修學士學位學程: 142 筆課程
2026-04-04 21:55:39,036 - INFO - 共抓取 3017 筆不重複課程
2026-04-04 21:55:39,037 - INFO - 開始抓取課程大綱...
2026-04-04 21:56:35,865 - INFO - 課程大綱進度: [100/3017]
2026-04-04 21:57:33,005 - INFO - 課程大綱進度: [200/3017]
2026-04-04 21:58:30,087 - INFO - 課程大綱進度: [300/3017]
2026-04-04 21:59:27,167 - INFO - 課程大綱進度: [400/3017]
2026-04-04 22:00:24,623 - INFO - 課程大綱進度: [500/3017]
2026-04-04 22:01:21,804 - INFO - 課程大綱進度: [600/3017]
2026-04-04 22:02:18,874 - INFO - 課程大綱進度: [700/3017]
2026-04-04 22:03:16,189 - INFO - 課程大綱進度: [800/3017]
2026-04-04 22:04:14,845 - INFO - 課程大綱進度: [900/3017]
2026-04-04 22:05:14,239 - INFO - 課程大綱進度: [1000/3017]
2026-04-04 22:06:11,516 - INFO - 課程大綱進度: [1100/3017]
2026-04-04 22:07:08,782 - INFO - 課程大綱進度: [1200/3017]
2026-04-04 22:08:06,103 - INFO - 課程大綱進度: [1300/3017]
2026-04-04 22:09:04,616 - INFO - 課程大綱進度: [1400/3017]
2026-04-04 22:10:02,223 - INFO - 課程大綱進度: [1500/3017]
2026-04-04 22:11:00,592 - INFO - 課程大綱進度: [1600/3017]
2026-04-04 22:12:01,833 - INFO - 課程大綱進度: [1700/3017]
2026-04-04 22:13:00,083 - INFO - 課程大綱進度: [1800/3017]
2026-04-04 22:13:58,101 - INFO - 課程大綱進度: [1900/3017]
2026-04-04 22:14:56,563 - INFO - 課程大綱進度: [2000/3017]
2026-04-04 22:15:54,881 - INFO - 課程大綱進度: [2100/3017]
2026-04-04 22:16:52,633 - INFO - 課程大綱進度: [2200/3017]
2026-04-04 22:17:50,481 - INFO - 課程大綱進度: [2300/3017]
2026-04-04 22:18:47,435 - INFO - 課程大綱進度: [2400/3017]
2026-04-04 22:19:44,560 - INFO - 課程大綱進度: [2500/3017]
2026-04-04 22:20:41,756 - INFO - 課程大綱進度: [2600/3017]
2026-04-04 22:21:38,969 - INFO - 課程大綱進度: [2700/3017]
2026-04-04 22:22:36,407 - INFO - 課程大綱進度: [2800/3017]
2026-04-04 22:23:33,231 - INFO - 課程大綱進度: [2900/3017]
2026-04-04 22:24:30,193 - INFO - 課程大綱進度: [3000/3017]
2026-04-04 22:24:40,627 - INFO - 課程大綱抓取完成: 3017 筆
2026-04-04 22:24:41,065 - INFO - 資料已儲存至: c:\Users\Peter\Desktop\ai-course-advisor\data\courses\all_courses_syllabi\courses_1142.json
2026-04-04 22:24:41,066 - INFO - ==================================================
2026-04-04 22:24:41,066 - INFO - 爬蟲完成! 共抓取 3017 筆課程
2026-04-04 22:24:41,066 - INFO - ==================================================
2026-04-04 22:24:41,098 - INFO - 系所課程抓取完成。
