2026-04-04 15:45:05,674 - INFO - 將專案根目錄加入路徑: C:\Users\Peter\Desktop\ai-course-advisor
2026-04-04 15:45:06,098 - INFO - 開始更新圖書館開放時間...
2026-04-04 15:45:06,098 - INFO - 強制更新模式
2026-04-04 15:45:06,098 - INFO - ==================================================
2026-04-04 15:45:06,099 - INFO - 開始爬取: https://www.lib.nchu.edu.tw/service.php?cID=35
2026-04-04 15:45:06,099 - INFO - ==================================================
2026-04-04 15:45:06,948 - INFO - HTTP Request: GET https://www.lib.nchu.edu.tw/service.php?cID=35 "HTTP/1.1 200 OK"
2026-04-04 15:45:06,961 - INFO - 成功獲取網頁，狀態碼: 200
2026-04-04 15:45:07,011 - INFO - 找到 4 個表格
2026-04-04 15:45:07,016 - INFO - 資料已儲存至: C:\Users\Peter\Desktop\ai-course-advisor\data\library\library_hours.json
2026-04-04 15:45:07,016 - INFO - ==================================================
2026-04-04 15:45:07,016 - INFO - 爬蟲完成! 共抓取 1 筆資料
2026-04-04 15:45:07,016 - INFO - ==================================================
2026-04-04 15:45:07,016 - INFO - 圖書館開放時間更新成功。
2026-04-23 16:04:55,314 - INFO - 將專案根目錄加入路徑: c:\Users\Peter\Desktop\ai-course-advisor
2026-04-23 16:04:56,533 - INFO - 開始更新圖書館開放時間...
2026-04-23 16:04:56,535 - INFO - 強制更新模式
2026-04-23 16:04:56,536 - INFO - ==================================================
2026-04-23 16:04:56,536 - INFO - 開始爬取: https://www.lib.nchu.edu.tw/service.php?cID=35
2026-04-23 16:04:56,536 - INFO - ==================================================
2026-04-23 16:04:57,407 - INFO - HTTP Request: GET https://www.lib.nchu.edu.tw/service.php?cID=35 "HTTP/1.1 200 OK"
2026-04-23 16:04:57,411 - INFO - 成功獲取網頁，狀態碼: 200
2026-04-23 16:04:57,445 - INFO - 找到 4 個表格
2026-04-23 16:04:57,452 - INFO - 資料已儲存至: c:\Users\Peter\Desktop\ai-course-advisor\data\library\library_hours.json
2026-04-23 16:04:57,452 - INFO - ==================================================
2026-04-23 16:04:57,453 - INFO - 爬蟲完成! 共抓取 1 筆資料
2026-04-23 16:04:57,453 - INFO - ==================================================
2026-04-23 16:04:57,453 - INFO - 圖書館開放時間更新成功。
