2026-04-04 15:45:00,960 - INFO - 開始更新興大校務規劃處 FAQ 資料...
2026-04-04 15:45:00,963 - INFO - 強制更新模式
2026-04-04 15:45:00,964 - INFO - ==================================================
2026-04-04 15:45:00,964 - INFO - 開始爬取: https://uibp.nchu.edu.tw/qa.php?cID=0&page=1
2026-04-04 15:45:00,964 - INFO - ==================================================
2026-04-04 15:45:00,964 - INFO - 正在抓取: https://uibp.nchu.edu.tw/qa.php?cID=0&page=1
2026-04-04 15:45:01,116 - INFO - 共有 2 頁 FAQ 資料
2026-04-04 15:45:01,121 - INFO - 爬取第 2 頁: https://uibp.nchu.edu.tw/qa.php?cID=0&page=2
2026-04-04 15:45:01,122 - INFO - 正在抓取: https://uibp.nchu.edu.tw/qa.php?cID=0&page=2
2026-04-04 15:45:01,180 - INFO - 共解析 16 筆 FAQ 資料
2026-04-04 15:45:01,182 - INFO - 資料已儲存至: C:\Users\Peter\Desktop\ai-course-advisor\data\rules\uibp_faq.json
2026-04-04 15:45:01,182 - INFO - Metadata - 最後更新: 2026-04-04T15:45:01.181072, 總數: 16
2026-04-04 15:45:01,195 - INFO - 🔥 觸發熱重載機制...
2026-04-04 15:45:01,219 - INFO - 
2026-04-04 15:45:01,219 - INFO - ╔══════════════════════════════════════════════════════════╗
2026-04-04 15:45:01,219 - INFO - ║                  熱重載流程開始                  ║
2026-04-04 15:45:01,219 - INFO - ╚══════════════════════════════════════════════════════════╝
2026-04-04 15:45:01,219 - INFO - 
2026-04-04 15:45:01,219 - INFO - 📝 步驟 1/2: 更新資料檔案時間戳
2026-04-04 15:45:01,223 - INFO - ✓ 已更新檔案時間戳記: C:\Users\Peter\Desktop\ai-course-advisor\data\rules\uibp_faq.json
2026-04-04 15:45:01,224 - INFO - 
2026-04-04 15:45:01,224 - INFO - 🔄 步驟 2/2: 觸發 PM2 服務重載
2026-04-04 15:45:01,226 - WARNING - PM2 reload 過程發生錯誤: [WinError 2] 系統找不到指定的檔案。
2026-04-04 15:45:01,226 - INFO - 
2026-04-04 15:45:01,226 - INFO - ╔══════════════════════════════════════════════════════════╗
2026-04-04 15:45:01,227 - INFO - ║                  熱重載流程完成                  ║
2026-04-04 15:45:01,227 - INFO - ╚══════════════════════════════════════════════════════════╝
2026-04-04 15:45:01,227 - INFO - 
2026-04-04 15:45:01,227 - INFO - ✅ 熱重載完成
2026-04-04 15:45:01,228 - INFO - ==================================================
2026-04-04 15:45:01,228 - INFO - 爬蟲完成! 共抓取 16 筆資料
2026-04-04 15:45:01,228 - INFO - ==================================================
2026-04-04 15:45:01,228 - INFO - FAQ 資料更新成功。
