2026-03-29 21:42:03,105 - INFO - 開始更新興大校學士申請流程資料...
2026-03-29 21:42:03,106 - INFO - 強制更新模式
2026-03-29 21:42:03,107 - INFO - ==================================================
2026-03-29 21:42:03,107 - INFO - 開始爬取: https://uibp.nchu.edu.tw/apply.php?Key=2
2026-03-29 21:42:03,107 - INFO - ==================================================
2026-03-29 21:42:03,107 - INFO - 正在抓取: https://uibp.nchu.edu.tw/apply.php?Key=2
2026-03-29 21:42:03,586 - INFO - 共解析 4 個申請步驟
2026-03-29 21:42:03,587 - INFO - 資料已儲存至: c:\Users\Peter\Desktop\ai-course-advisor\data\rules\uibp_apply.json
2026-03-29 21:42:03,588 - INFO - Metadata - 最後更新: 2026-03-29T21:42:03.586523, 總數: 1
2026-03-29 21:42:03,714 - WARNING - ⚠ 無法載入 hot_reload 模組，跳過熱重載
2026-03-29 21:42:03,714 - INFO - ==================================================
2026-03-29 21:42:03,715 - INFO - 爬蟲完成! 共抓取 1 筆資料
2026-03-29 21:42:03,715 - INFO - ==================================================
2026-03-29 21:42:03,715 - INFO - 申請流程資料更新成功。
2026-04-04 15:30:36,229 - INFO - 開始更新興大校學士申請流程資料...
2026-04-04 15:30:36,237 - INFO - 強制更新模式
2026-04-04 15:30:36,238 - INFO - ==================================================
2026-04-04 15:30:36,238 - INFO - 開始爬取: https://uibp.nchu.edu.tw/apply.php?Key=2
2026-04-04 15:30:36,238 - INFO - ==================================================
2026-04-04 15:30:36,238 - INFO - 正在抓取: https://uibp.nchu.edu.tw/apply.php?Key=2
2026-04-04 15:30:36,481 - INFO - 共解析 4 個申請步驟
2026-04-04 15:30:36,483 - INFO - 資料已儲存至: c:\Users\Peter\Desktop\ai-course-advisor\data\rules\uibp_apply.json
2026-04-04 15:30:36,483 - INFO - Metadata - 最後更新: 2026-04-04T15:30:36.481356, 總數: 1
2026-04-04 15:30:36,503 - INFO - 🔥 觸發熱重載機制...
2026-04-04 15:30:36,504 - INFO - 
2026-04-04 15:30:36,504 - INFO - ╔══════════════════════════════════════════════════════════╗
2026-04-04 15:30:36,504 - INFO - ║                  熱重載流程開始                  ║
2026-04-04 15:30:36,504 - INFO - ╚══════════════════════════════════════════════════════════╝
2026-04-04 15:30:36,504 - INFO - 
2026-04-04 15:30:36,504 - INFO - 📝 步驟 1/2: 更新資料檔案時間戳
2026-04-04 15:30:36,505 - INFO - ✓ 已更新檔案時間戳記: c:\Users\Peter\Desktop\ai-course-advisor\data\rules\uibp_apply.json
2026-04-04 15:30:36,505 - INFO - 
2026-04-04 15:30:36,505 - INFO - 🔄 步驟 2/2: 觸發 PM2 服務重載
2026-04-04 15:30:36,514 - WARNING - PM2 reload 過程發生錯誤: [WinError 2] 系統找不到指定的檔案。
2026-04-04 15:30:36,514 - INFO - 
2026-04-04 15:30:36,514 - INFO - ╔══════════════════════════════════════════════════════════╗
2026-04-04 15:30:36,514 - INFO - ║                  熱重載流程完成                  ║
2026-04-04 15:30:36,514 - INFO - ╚══════════════════════════════════════════════════════════╝
2026-04-04 15:30:36,514 - INFO - 
2026-04-04 15:30:36,515 - INFO - ✅ 熱重載完成
2026-04-04 15:30:36,515 - INFO - ==================================================
2026-04-04 15:30:36,515 - INFO - 爬蟲完成! 共抓取 1 筆資料
2026-04-04 15:30:36,515 - INFO - ==================================================
2026-04-04 15:30:36,515 - INFO - 申請流程資料更新成功。
