2026-04-04 16:07:46,710 - INFO - 將專案根目錄加入路徑: C:\Users\Peter\Desktop\ai-course-advisor
2026-04-04 16:07:47,045 - INFO - 開始抓取學年期 1142 的跨領域學程課程...
2026-04-04 16:07:47,045 - INFO - 學制: U
2026-04-04 16:07:47,045 - INFO - 抓取所有學程
2026-04-04 16:07:47,045 - INFO - 抓取課程大綱: 否
2026-04-04 16:07:47,046 - INFO - ==================================================
2026-04-04 16:07:47,046 - INFO - 開始抓取學年期 1142 的跨領域學程課程 (學制: 大學部跨領域學程)...
2026-04-04 16:07:47,046 - INFO - ==================================================
2026-04-04 16:07:47,046 - INFO -   抓取 永續環境學分學程 (19)...
2026-04-04 16:07:47,402 - INFO -     取得 44 筆課程
2026-04-04 16:07:47,702 - INFO -   抓取 永續環境微學分學程 (19-1)...
2026-04-04 16:07:47,866 - INFO -     取得 44 筆課程
2026-04-04 16:07:48,166 - INFO -   抓取 食品加工與管理學程 (2)...
2026-04-04 16:07:48,323 - INFO -     取得 31 筆課程
2026-04-04 16:07:48,624 - INFO -   抓取 日本與亞太區域研究學分學程 (21)...
2026-04-04 16:07:48,701 - INFO -     取得 2 筆課程
2026-04-04 16:07:49,001 - INFO -   抓取 創業學分學程 (23)...
2026-04-04 16:07:49,271 - INFO -     取得 83 筆課程
2026-04-04 16:07:49,572 - INFO -   抓取 創業微學分學程 (23-1)...
2026-04-04 16:07:49,709 - INFO - 將專案根目錄加入路徑: C:\Users\Peter\Desktop\ai-course-advisor
2026-04-04 16:07:49,822 - INFO -     取得 83 筆課程
2026-04-04 16:07:50,028 - INFO - 開始抓取學年期 1142 的跨領域學程課程...
2026-04-04 16:07:50,028 - INFO - 學制: G
2026-04-04 16:07:50,028 - INFO - 抓取所有學程
2026-04-04 16:07:50,029 - INFO - 抓取課程大綱: 否
2026-04-04 16:07:50,030 - INFO - ==================================================
2026-04-04 16:07:50,030 - INFO - 開始抓取學年期 1142 的跨領域學程課程 (學制: 研究生跨領域學程)...
2026-04-04 16:07:50,030 - INFO - ==================================================
2026-04-04 16:07:50,030 - INFO -   抓取 生物科技產學合作學程 (24)...
2026-04-04 16:07:50,122 - INFO -   抓取 農場場長學分學程 (26)...
2026-04-04 16:07:50,306 - INFO -     取得 53 筆課程
2026-04-04 16:07:50,380 - INFO -     取得 56 筆課程
2026-04-04 16:07:50,607 - INFO -   抓取 農場場長微學分學程 (26-1)...
2026-04-04 16:07:50,681 - INFO -   抓取 生技產業管理暨創業碩士學分學程 (25)...
2026-04-04 16:07:50,780 - INFO -     取得 53 筆課程
2026-04-04 16:07:50,818 - INFO -     取得 14 筆課程
2026-04-04 16:07:51,081 - INFO -   抓取 資料科學學程 (27)...
2026-04-04 16:07:51,119 - INFO -   抓取 亞洲與中國研究碩士學分學程(全英語授課) (29)...
2026-04-04 16:07:51,180 - INFO -     取得 17 筆課程
2026-04-04 16:07:51,238 - INFO -     取得 8 筆課程
2026-04-04 16:07:51,481 - INFO -   抓取 廢棄物利用之循環經濟學分學程 (28)...
2026-04-04 16:07:51,539 - INFO -   抓取 獸醫科學學分學程(全英語學程) (32)...
2026-04-04 16:07:51,593 - INFO -     取得 9 筆課程
2026-04-04 16:07:51,646 - INFO -     取得 6 筆課程
2026-04-04 16:07:51,893 - INFO -   抓取 廢棄物利用之循環經濟微學分學程 (28-1)...
2026-04-04 16:07:51,947 - INFO -   抓取 管理理論與實務碩士學分學程(全英語學程) (33)...
2026-04-04 16:07:51,992 - INFO -     取得 9 筆課程
2026-04-04 16:07:52,048 - INFO -     取得 9 筆課程
2026-04-04 16:07:52,188 - INFO - 將專案根目錄加入路徑: C:\Users\Peter\Desktop\ai-course-advisor
2026-04-04 16:07:52,292 - INFO -   抓取 畜牧場智慧管理學分學程 (30)...
2026-04-04 16:07:52,349 - INFO -   抓取 生命科學學分學程(全英語學程) (34)...
2026-04-04 16:07:52,404 - INFO -     取得 14 筆課程
2026-04-04 16:07:52,418 - INFO -     取得 4 筆課程
2026-04-04 16:07:52,498 - INFO - 開始抓取學年期 1142 的跨領域學程課程...
2026-04-04 16:07:52,498 - INFO - 學制: E
2026-04-04 16:07:52,498 - INFO - 抓取所有學程
2026-04-04 16:07:52,498 - INFO - 抓取課程大綱: 否
2026-04-04 16:07:52,500 - INFO - ==================================================
2026-04-04 16:07:52,500 - INFO - 開始抓取學年期 1142 的跨領域學程課程 (學制: 教育學程)...
2026-04-04 16:07:52,500 - INFO - ==================================================
2026-04-04 16:07:52,500 - INFO -   抓取教育學程...
2026-04-04 16:07:52,704 - INFO -   抓取 畜牧場智慧管理微學分學程 (30-1)...
2026-04-04 16:07:52,705 - INFO -     取得 19 筆課程
2026-04-04 16:07:52,705 - INFO - 共抓取 19 筆不重複課程
2026-04-04 16:07:52,707 - INFO - 資料已儲存至: C:\Users\Peter\Desktop\ai-course-advisor\data\courses\all_education_courses_syllabi\cross_1142.json
2026-04-04 16:07:52,707 - INFO - ==================================================
2026-04-04 16:07:52,707 - INFO - 爬蟲完成! 共抓取 19 筆課程
2026-04-04 16:07:52,707 - INFO - ==================================================
2026-04-04 16:07:52,707 - INFO - 跨領域學程課程抓取完成。
2026-04-04 16:07:52,718 - INFO -   抓取 資料生物學碩士學分學程 (44)...
2026-04-04 16:07:52,822 - INFO -     取得 14 筆課程
2026-04-04 16:07:52,823 - INFO -     取得 4 筆課程
2026-04-04 16:07:53,123 - INFO -   抓取 興創智慧學分學程 (31)...
2026-04-04 16:07:53,124 - INFO -   抓取 生命工程跨領域碩士學分學程 (45)...
2026-04-04 16:07:53,207 - INFO -     取得 0 筆課程
2026-04-04 16:07:53,225 - INFO -     取得 5 筆課程
2026-04-04 16:07:53,508 - INFO -   抓取 興創智慧微學分學程 (31-1)...
2026-04-04 16:07:53,526 - INFO - 共抓取 78 筆不重複課程
2026-04-04 16:07:53,530 - INFO - 資料已儲存至: C:\Users\Peter\Desktop\ai-course-advisor\data\courses\all_cross_program_courses_syllabi\cross_1142_G.json
2026-04-04 16:07:53,530 - INFO - ==================================================
2026-04-04 16:07:53,530 - INFO - 爬蟲完成! 共抓取 78 筆課程
2026-04-04 16:07:53,530 - INFO - ==================================================
2026-04-04 16:07:53,530 - INFO - 跨領域學程課程抓取完成。
2026-04-04 16:07:53,599 - INFO -     取得 0 筆課程
2026-04-04 16:07:53,899 - INFO -   抓取 華語教學學程 (35)...
2026-04-04 16:07:53,991 - INFO -     取得 9 筆課程
2026-04-04 16:07:54,292 - INFO -   抓取 教育大數據學分學程 (36)...
2026-04-04 16:07:54,380 - INFO -     取得 4 筆課程
2026-04-04 16:07:54,681 - INFO -   抓取 教育大數據微學分學程 (36-1)...
2026-04-04 16:07:54,780 - INFO -     取得 4 筆課程
2026-04-04 16:07:55,081 - INFO -   抓取 食品安全智慧管理學分學程 (37)...
2026-04-04 16:07:55,172 - INFO -     取得 8 筆課程
2026-04-04 16:07:55,473 - INFO -   抓取 食品安全智慧管理微學分學程 (37-1)...
2026-04-04 16:07:55,561 - INFO -     取得 8 筆課程
2026-04-04 16:07:55,862 - INFO -   抓取 食農教育學分學程 (38)...
2026-04-04 16:07:56,177 - INFO -     取得 128 筆課程
2026-04-04 16:07:56,477 - INFO -   抓取 食農教育微學分學程 (38-1)...
2026-04-04 16:07:56,831 - INFO -     取得 128 筆課程
2026-04-04 16:07:57,132 - INFO -   抓取 半導體元件整合學分學程 (39)...
2026-04-04 16:07:57,264 - INFO -     取得 18 筆課程
2026-04-04 16:07:57,565 - INFO -   抓取 半導體元件整合微學分學程 (39-1)...
2026-04-04 16:07:57,667 - INFO -     取得 18 筆課程
2026-04-04 16:07:57,968 - INFO -   抓取 動物福祉學分學程 (40)...
2026-04-04 16:07:58,127 - INFO -     取得 21 筆課程
2026-04-04 16:07:58,428 - INFO -   抓取 地方行銷暨運動觀光微學分學程 (41-1)...
2026-04-04 16:07:58,586 - INFO -     取得 54 筆課程
2026-04-04 16:07:58,887 - INFO -   抓取 「精準醫學」跨領域科技微學分學程 (42-1)...
2026-04-04 16:07:58,965 - INFO -     取得 3 筆課程
2026-04-04 16:07:59,266 - INFO -   抓取 生技創新創業微學分學程 (43-1)...
2026-04-04 16:07:59,346 - INFO -     取得 4 筆課程
2026-04-04 16:07:59,646 - INFO -   抓取 人工智慧探索應用學分學程 (46)...
2026-04-04 16:07:59,735 - INFO -     取得 8 筆課程
2026-04-04 16:08:00,035 - INFO -   抓取 醫學人文的跨領域實踐學分學程 (47)...
2026-04-04 16:08:00,146 - INFO -     取得 17 筆課程
2026-04-04 16:08:00,447 - INFO -   抓取 醫學人文的跨領域實踐微學分學程 (47-1)...
2026-04-04 16:08:00,578 - INFO -     取得 17 筆課程
2026-04-04 16:08:00,878 - INFO -   抓取 AI治理與永續發展學分學程 (48)...
2026-04-04 16:08:00,982 - INFO -     取得 12 筆課程
2026-04-04 16:08:01,283 - INFO -   抓取 智慧計算應用學分學程 (49)...
2026-04-04 16:08:01,380 - INFO -     取得 12 筆課程
2026-04-04 16:08:01,680 - INFO -   抓取 智慧計算應用微學分學程 (49-1)...
2026-04-04 16:08:01,773 - INFO -     取得 12 筆課程
2026-04-04 16:08:02,074 - INFO -   抓取 AI導向健康醫學跨領域學分學程 (50)...
2026-04-04 16:08:02,268 - INFO -     取得 52 筆課程
2026-04-04 16:08:02,569 - INFO -   抓取 動物科學產業微學分學程 (51-1)...
2026-04-04 16:08:02,664 - INFO -     取得 4 筆課程
2026-04-04 16:08:02,964 - INFO -   抓取 流域整合治理與社會共融學程 (52)...
2026-04-04 16:08:03,073 - INFO -     取得 15 筆課程
2026-04-04 16:08:03,374 - INFO -   抓取 企業實習與產業接軌微學分學程 (53)...
2026-04-04 16:08:03,448 - INFO -     取得 0 筆課程
2026-04-04 16:08:03,748 - INFO -   抓取 企業實習與產業接軌微學分學程 (53-1)...
2026-04-04 16:08:03,852 - INFO -     取得 7 筆課程
2026-04-04 16:08:04,153 - INFO -   抓取 人工智慧工業應用學分學程 (54)...
2026-04-04 16:08:04,243 - INFO -     取得 4 筆課程
2026-04-04 16:08:04,544 - INFO -   抓取 人工智慧自然語言技術學分學程 (55)...
2026-04-04 16:08:04,621 - INFO -     取得 1 筆課程
2026-04-04 16:08:04,922 - INFO -   抓取 人工智慧視覺技術學分學程 (56)...
2026-04-04 16:08:05,005 - INFO -     取得 2 筆課程
2026-04-04 16:08:05,306 - INFO -   抓取 植物生物科技學程 (B)...
2026-04-04 16:08:05,511 - INFO -     取得 51 筆課程
2026-04-04 16:08:05,812 - INFO -   抓取 環境生物科技學程 (L)...
2026-04-04 16:08:05,957 - INFO -     取得 24 筆課程
2026-04-04 16:08:06,258 - INFO -   抓取 防災科技學分學程 (O)...
2026-04-04 16:08:06,401 - INFO -     取得 17 筆課程
2026-04-04 16:08:06,701 - INFO -   抓取 防災科技微學分學程 (O-1)...
2026-04-04 16:08:06,826 - INFO -     取得 17 筆課程
2026-04-04 16:08:07,126 - INFO -   抓取 數位人文與資訊應用學程 (V)...
2026-04-04 16:08:07,274 - INFO -     取得 25 筆課程
2026-04-04 16:08:07,575 - INFO -   抓取 數位人文與資訊應用微學程 (V-1)...
2026-04-04 16:08:07,715 - INFO -     取得 25 筆課程
2026-04-04 16:08:08,042 - INFO - 共抓取 407 筆不重複課程
2026-04-04 16:08:08,082 - INFO - 資料已儲存至: C:\Users\Peter\Desktop\ai-course-advisor\data\courses\all_cross_program_courses_syllabi\cross_1142_U.json
2026-04-04 16:08:08,082 - INFO - ==================================================
2026-04-04 16:08:08,082 - INFO - 爬蟲完成! 共抓取 407 筆課程
2026-04-04 16:08:08,082 - INFO - ==================================================
2026-04-04 16:08:08,083 - INFO - 跨領域學程課程抓取完成。
