2026-04-02 15:10:36,687 - INFO - 開始更新學校行事曆資料...
2026-04-02 15:10:36,696 - INFO - 檔案不存在，開始爬取: https://www.nchu.edu.tw/calendar/
2026-04-02 15:10:36,696 - INFO - ==================================================
2026-04-02 15:10:36,697 - INFO - 開始爬取: https://www.nchu.edu.tw/calendar/
2026-04-02 15:10:36,697 - INFO - ==================================================
2026-04-02 15:10:36,697 - INFO - 正在抓取: https://www.nchu.edu.tw/calendar/
2026-04-02 15:10:36,863 - INFO - HTML 已快取至: C:\Users\Peter\Desktop\ai-course-advisor\data\calendar\school_calendar_cache.html
2026-04-02 15:10:36,918 - INFO - 找到學年度: 114
2026-04-02 15:10:36,919 - INFO - 找到第 1 學期
2026-04-02 15:10:36,936 - INFO - 找到第 2 學期
2026-04-02 15:10:36,946 - INFO - 共解析 90 個行事曆事件
2026-04-02 15:10:36,948 - INFO - 資料已儲存至: C:\Users\Peter\Desktop\ai-course-advisor\data\calendar\school_calendar.json
2026-04-02 15:10:36,948 - INFO - Metadata - 最後更新: 2026-04-02T15:10:36.947065, 總數: 90
2026-04-02 15:10:36,982 - INFO - 🔥 觸發熱重載機制...
2026-04-02 15:10:37,002 - INFO - 
2026-04-02 15:10:37,002 - INFO - ╔══════════════════════════════════════════════════════════╗
2026-04-02 15:10:37,002 - INFO - ║                  熱重載流程開始                  ║
2026-04-02 15:10:37,002 - INFO - ╚══════════════════════════════════════════════════════════╝
2026-04-02 15:10:37,002 - INFO - 
2026-04-02 15:10:37,002 - INFO - 📝 步驟 1/2: 更新資料檔案時間戳
2026-04-02 15:10:37,005 - INFO - ✓ 已更新檔案時間戳記: C:\Users\Peter\Desktop\ai-course-advisor\data\calendar\school_calendar.json
2026-04-02 15:10:37,006 - INFO - 
2026-04-02 15:10:37,006 - INFO - 🔄 步驟 2/2: 觸發 PM2 服務重載
2026-04-02 15:10:37,009 - WARNING - PM2 reload 過程發生錯誤: [WinError 2] 系統找不到指定的檔案。
2026-04-02 15:10:37,010 - INFO - 
2026-04-02 15:10:37,010 - INFO - ╔══════════════════════════════════════════════════════════╗
2026-04-02 15:10:37,010 - INFO - ║                  熱重載流程完成                  ║
2026-04-02 15:10:37,010 - INFO - ╚══════════════════════════════════════════════════════════╝
2026-04-02 15:10:37,010 - INFO - 
2026-04-02 15:10:37,010 - INFO - ✅ 熱重載完成
2026-04-02 15:10:37,011 - INFO - ==================================================
2026-04-02 15:10:37,011 - INFO - 爬蟲完成! 共抓取 90 筆資料
2026-04-02 15:10:37,011 - INFO - ==================================================
2026-04-02 15:10:37,011 - INFO - 學校行事曆資料更新成功。
