2026-04-04 16:07:44,707 - INFO - 將專案根目錄加入路徑: C:\Users\Peter\Desktop\ai-course-advisor
2026-04-04 16:07:45,104 - INFO - 準備抓取 1 個學年期
2026-04-04 16:07:45,105 - INFO - 通識類別: all
2026-04-04 16:07:45,105 - INFO - 抓取課程大綱: 否
2026-04-04 16:07:45,105 - INFO - [1/1] 開始抓取學年期 1142...
2026-04-04 16:07:45,107 - INFO - ==================================================
2026-04-04 16:07:45,107 - INFO - 開始抓取學年期 1142 的通識課程...
2026-04-04 16:07:45,107 - INFO - ==================================================
2026-04-04 16:07:45,108 - INFO - 查詢類別: EFGKM (人文/社會/自然/統合/核心素養)
2026-04-04 16:07:45,929 - INFO -   取得 235 筆
2026-04-04 16:07:46,229 - INFO - 查詢類別: L (通識資訊素養)
2026-04-04 16:07:46,330 - INFO -   取得 17 筆
2026-04-04 16:07:46,630 - INFO - 查詢類別: 3 (敘事表達/大學國文)
2026-04-04 16:07:46,799 - INFO -   取得 53 筆
2026-04-04 16:07:47,099 - INFO - 查詢類別: N (外國語文(110學年後))
2026-04-04 16:07:47,281 - INFO -   取得 59 筆
2026-04-04 16:07:47,582 - INFO - 共抓取 364 筆不重複課程
2026-04-04 16:07:47,598 - INFO - 資料已儲存至: C:\Users\Peter\Desktop\ai-course-advisor\data\courses\all_ge_courses_syllabi\ge_courses_1142.json
2026-04-04 16:07:47,598 - INFO - ==================================================
2026-04-04 16:07:47,599 - INFO - 爬蟲完成! 共抓取 364 筆課程
2026-04-04 16:07:47,599 - INFO - ==================================================
2026-04-04 16:07:47,599 - INFO - 全部 1 個學年期抓取完成。
