2026-04-04 15:45:10,829 - INFO - 將專案根目錄加入路徑: C:\Users\Peter\Desktop\ai-course-advisor
2026-04-04 15:45:11,173 - INFO - 開始更新學校活動新聞...
2026-04-04 15:45:11,174 - INFO - 強制更新模式
2026-04-04 15:45:11,174 - INFO - ==================================================
2026-04-04 15:45:11,174 - INFO - 開始爬取: https://www2.nchu.edu.tw/news/id/7
2026-04-04 15:45:11,174 - INFO - ==================================================
2026-04-04 15:45:11,174 - INFO - 只抓取 2026-03-05 之後的新聞
2026-04-04 15:45:11,175 - INFO - 正在抓取第 1 頁...
2026-04-04 15:45:11,182 - INFO - 正在抓取: https://www2.nchu.edu.tw/news/id/7
2026-04-04 15:45:11,853 - INFO - 共有 10 個分頁
2026-04-04 15:45:11,853 - INFO - 正在抓取第 2 頁: https://www2.nchu.edu.tw/news/page/20/id/7
2026-04-04 15:45:11,853 - INFO - 正在抓取: https://www2.nchu.edu.tw/news/page/20/id/7
2026-04-04 15:45:12,215 - INFO - 第 2 頁沒有近一個月的新聞，停止抓取
2026-04-04 15:45:12,215 - INFO - 總共抓取了 2 個頁面
2026-04-04 15:45:12,215 - INFO - 正在解析第 1 頁...
2026-04-04 15:45:12,271 - INFO - 第 1 頁找到 20 個新聞項目
2026-04-04 15:45:12,271 - INFO - 正在抓取: https://www2.nchu.edu.tw/news-detail/id/61593
2026-04-04 15:45:12,903 - INFO - 正在抓取: https://www2.nchu.edu.tw/news-detail/id/53823
2026-04-04 15:45:13,373 - INFO - 正在抓取: https://www2.nchu.edu.tw/news-detail/id/61376
2026-04-04 15:45:13,843 - INFO - 正在抓取: https://www2.nchu.edu.tw/news-detail/id/61373
2026-04-04 15:45:15,364 - INFO - 正在抓取: https://www2.nchu.edu.tw/news-detail/id/51960
2026-04-04 15:45:16,014 - INFO - 正在抓取: https://www2.nchu.edu.tw/news-detail/id/61567
2026-04-04 15:45:16,915 - INFO - 正在抓取: https://www2.nchu.edu.tw/news-detail/id/61535
2026-04-04 15:45:17,884 - INFO - 正在抓取: https://www2.nchu.edu.tw/news-detail/id/61505
2026-04-04 15:45:18,637 - INFO - 正在抓取: https://www2.nchu.edu.tw/news-detail/id/61312
2026-04-04 15:45:19,453 - INFO - 第 1 頁有 9 則近一個月內的新聞
2026-04-04 15:45:19,453 - INFO - 正在解析第 2 頁...
2026-04-04 15:45:19,529 - INFO - 第 2 頁找到 20 個新聞項目
2026-04-04 15:45:19,530 - INFO - 第 2 頁有 0 則近一個月內的新聞
2026-04-04 15:45:19,531 - INFO - 總共解析出 9 則近一個月內的新聞
2026-04-04 15:45:19,532 - INFO - 資料已儲存至: C:\Users\Peter\Desktop\ai-course-advisor\data\news\school_news.json
2026-04-04 15:45:19,532 - INFO - Metadata - 最後更新: 2026-04-04T15:45:19.531549, 總數: 9
2026-04-04 15:45:19,532 - INFO - ==================================================
2026-04-04 15:45:19,532 - INFO - 爬蟲完成! 共抓取 9 筆資料
2026-04-04 15:45:19,533 - INFO - ==================================================
2026-04-04 15:45:19,533 - INFO - 學校活動新聞更新成功。
